<?xml version="1.0" encoding="UTF-8"?>
<!-- Generated by org.testng.reporters.JUnitReportReporter -->
<testsuite hostname="Sarithas-MBP.attlocal.net" failures="0" tests="7" name="com.testcases.TS_02_Verify_Opencart_LoginPageTast" time="100.543" errors="0" timestamp="2024-06-25T19:25:13 CDT" skipped="0">
  <testcase classname="com.testcases.TS_02_Verify_Opencart_LoginPageTast" name="loginPageTitleTest" time="9.011"/>
  <system-out/>
  <testcase classname="com.testcases.TS_02_Verify_Opencart_LoginPageTast" name="loginTest" time="11.599"/>
  <system-out/>
  <testcase classname="com.testcases.TS_02_Verify_Opencart_LoginPageTast" name="verifyreturningCustomerHeaderExists" time="18.244"/>
  <system-out/>
  <testcase classname="com.testcases.TS_02_Verify_Opencart_LoginPageTast" name="navigateToRegisterPageTest" time="13.371"/>
  <system-out/>
  <testcase classname="com.testcases.TS_02_Verify_Opencart_LoginPageTast" name="navigateToForgotPasswordPageTest" time="22.788"/>
  <system-out/>
  <testcase classname="com.testcases.TS_02_Verify_Opencart_LoginPageTast" name="verifyLoginBreadCrumbExists" time="12.578"/>
  <system-out/>
  <testcase classname="com.testcases.TS_02_Verify_Opencart_LoginPageTast" name="verifyNewCustomerHeaderExists" time="12.952"/>
  <system-out/>
</testsuite> <!-- com.testcases.TS_02_Verify_Opencart_LoginPageTast -->
