<?xml version="1.0" encoding="UTF-8"?>
<!-- Generated by org.testng.reporters.JUnitReportReporter -->
<testsuite hostname="Sarithas-MBP.attlocal.net" failures="0" tests="9" name="com.testcases.TS_01_Verify_Opencart_HomePageTest" time="119.403" errors="0" timestamp="2024-06-25T19:25:13 CDT" skipped="0">
  <testcase classname="com.testcases.TS_01_Verify_Opencart_HomePageTest" name="searchTest" time="12.076"/>
  <system-out/>
  <testcase classname="com.testcases.TS_01_Verify_Opencart_HomePageTest" name="searchTest" time="9.673"/>
  <system-out/>
  <testcase classname="com.testcases.TS_01_Verify_Opencart_HomePageTest" name="homePageTitleTest" time="7.928"/>
  <system-out/>
  <testcase classname="com.testcases.TS_01_Verify_Opencart_HomePageTest" name="searchTest" time="11.018"/>
  <system-out/>
  <testcase classname="com.testcases.TS_01_Verify_Opencart_HomePageTest" name="FeaturedSectionCardaCountTest" time="23.944"/>
  <system-out/>
  <testcase classname="com.testcases.TS_01_Verify_Opencart_HomePageTest" name="navigateToLoginPageTest" time="20.488"/>
  <system-out/>
  <testcase classname="com.testcases.TS_01_Verify_Opencart_HomePageTest" name="homePageURLTest" time="10.868"/>
  <system-out/>
  <testcase classname="com.testcases.TS_01_Verify_Opencart_HomePageTest" name="verifyOpenCartLogoTest" time="8.637"/>
  <system-out/>
  <testcase classname="com.testcases.TS_01_Verify_Opencart_HomePageTest" name="navigateToRegisterPageTest" time="14.771"/>
  <system-out/>
</testsuite> <!-- com.testcases.TS_01_Verify_Opencart_HomePageTest -->
