<?xml version="1.0" encoding="UTF-8"?>
<!-- Generated by org.testng.reporters.JUnitReportReporter -->
<testsuite hostname="Sarithas-MBP.attlocal.net" failures="0" tests="9" name="com.testcases.TS_01_Verify_Opencart_HomePageTest" time="88.804" errors="0" timestamp="2024-06-25T19:31:07 CDT" skipped="0">
  <testcase classname="com.testcases.TS_01_Verify_Opencart_HomePageTest" name="FeaturedSectionCardaCountTest" time="9.061"/>
  <system-out/>
  <testcase classname="com.testcases.TS_01_Verify_Opencart_HomePageTest" name="searchTest" time="7.549"/>
  <system-out/>
  <testcase classname="com.testcases.TS_01_Verify_Opencart_HomePageTest" name="navigateToLoginPageTest" time="10.973"/>
  <system-out/>
  <testcase classname="com.testcases.TS_01_Verify_Opencart_HomePageTest" name="navigateToRegisterPageTest" time="11.904"/>
  <system-out/>
  <testcase classname="com.testcases.TS_01_Verify_Opencart_HomePageTest" name="homePageURLTest" time="8.459"/>
  <system-out/>
  <testcase classname="com.testcases.TS_01_Verify_Opencart_HomePageTest" name="searchTest" time="10.256"/>
  <system-out/>
  <testcase classname="com.testcases.TS_01_Verify_Opencart_HomePageTest" name="verifyOpenCartLogoTest" time="12.508"/>
  <system-out/>
  <testcase classname="com.testcases.TS_01_Verify_Opencart_HomePageTest" name="homePageTitleTest" time="8.210"/>
  <system-out/>
  <testcase classname="com.testcases.TS_01_Verify_Opencart_HomePageTest" name="searchTest" time="9.884"/>
  <system-out/>
</testsuite> <!-- com.testcases.TS_01_Verify_Opencart_HomePageTest -->
