<?xml version="1.0" encoding="UTF-8"?>
<!-- Generated by org.testng.reporters.JUnitReportReporter -->
<testsuite hostname="Sarithas-MBP.attlocal.net" failures="0" tests="7" name="com.testcases.TS_02_Verify_Opencart_LoginPage" time="124.349" errors="0" timestamp="2024-06-22T19:24:58 CDT" skipped="0">
  <testcase classname="com.testcases.TS_02_Verify_Opencart_LoginPage" name="loginPageTitleTest" time="18.274"/>
  <system-out/>
  <testcase classname="com.testcases.TS_02_Verify_Opencart_LoginPage" name="navigateToRegisterPageTest" time="15.542"/>
  <system-out/>
  <testcase classname="com.testcases.TS_02_Verify_Opencart_LoginPage" name="navigateToForgotPasswordPageTest" time="16.460"/>
  <system-out/>
  <testcase classname="com.testcases.TS_02_Verify_Opencart_LoginPage" name="verifyLoginBreadCrumbExists" time="16.272"/>
  <system-out/>
  <testcase classname="com.testcases.TS_02_Verify_Opencart_LoginPage" name="verifyNewCustomerHeaderExists" time="27.029"/>
  <system-out/>
  <testcase classname="com.testcases.TS_02_Verify_Opencart_LoginPage" name="verifyreturningCustomerHeaderExists" time="13.931"/>
  <system-out/>
  <testcase classname="com.testcases.TS_02_Verify_Opencart_LoginPage" name="loginTest" time="16.841"/>
  <system-out/>
</testsuite> <!-- com.testcases.TS_02_Verify_Opencart_LoginPage -->
