<?xml version="1.0" encoding="UTF-8"?>
<!-- Generated by org.testng.reporters.JUnitReportReporter -->
<testsuite hostname="Sarithas-MBP.attlocal.net" failures="0" tests="1" name="com.testcases.TS_03_Verify_Opencart_RegisterPageTest" time="17.138" errors="0" timestamp="2024-06-25T19:31:07 CDT" skipped="0">
  <testcase classname="com.testcases.TS_03_Verify_Opencart_RegisterPageTest" name="registerNewAccountTest" time="17.138"/>
  <system-out/>
</testsuite> <!-- com.testcases.TS_03_Verify_Opencart_RegisterPageTest -->
