<?xml version="1.0" encoding="UTF-8"?>
<testsuite xmlns:xsi="http://www.w3.org/2001/XMLSchema-instance" xsi:noNamespaceSchemaLocation="https://maven.apache.org/surefire/maven-surefire-plugin/xsd/surefire-test-report-3.0.xsd" version="3.0" name="TestSuite" time="234.995" tests="17" errors="0" skipped="0" failures="0">
  <properties>
    <property name="java.specification.version" value="19"/>
    <property name="sun.jnu.encoding" value="UTF-8"/>
    <property name="java.class.path" value="/Users/sarithaganaparthi/eclipse-workspace/opencart-ui-automation/target/test-classes:/Users/sarithaganaparthi/eclipse-workspace/opencart-ui-automation/target/classes:/Users/sarithaganaparthi/.m2/repository/com/microsoft/playwright/playwright/1.44.0/playwright-1.44.0.jar:/Users/sarithaganaparthi/.m2/repository/com/google/code/gson/gson/2.10.1/gson-2.10.1.jar:/Users/sarithaganaparthi/.m2/repository/org/opentest4j/opentest4j/1.3.0/opentest4j-1.3.0.jar:/Users/sarithaganaparthi/.m2/repository/com/microsoft/playwright/driver/1.44.0/driver-1.44.0.jar:/Users/sarithaganaparthi/.m2/repository/com/microsoft/playwright/driver-bundle/1.44.0/driver-bundle-1.44.0.jar:/Users/sarithaganaparthi/.m2/repository/org/testng/testng/7.4.0/testng-7.4.0.jar:/Users/sarithaganaparthi/.m2/repository/com/beust/jcommander/1.78/jcommander-1.78.jar:/Users/sarithaganaparthi/.m2/repository/org/webjars/jquery/3.5.1/jquery-3.5.1.jar:/Users/sarithaganaparthi/.m2/repository/org/apache/logging/log4j/log4j-api/2.23.1/log4j-api-2.23.1.jar:/Users/sarithaganaparthi/.m2/repository/org/apache/logging/log4j/log4j-core/2.23.1/log4j-core-2.23.1.jar:/Users/sarithaganaparthi/.m2/repository/com/aventstack/extentreports/5.1.1/extentreports-5.1.1.jar:/Users/sarithaganaparthi/.m2/repository/io/reactivex/rxjava3/rxjava/3.1.6/rxjava-3.1.6.jar:/Users/sarithaganaparthi/.m2/repository/org/reactivestreams/reactive-streams/1.0.4/reactive-streams-1.0.4.jar:/Users/sarithaganaparthi/.m2/repository/org/freemarker/freemarker/2.3.32/freemarker-2.3.32.jar:/Users/sarithaganaparthi/.m2/repository/org/projectlombok/lombok/1.18.32/lombok-1.18.32.jar:/Users/sarithaganaparthi/.m2/repository/com/github/javafaker/javafaker/1.0.2/javafaker-1.0.2.jar:/Users/sarithaganaparthi/.m2/repository/org/apache/commons/commons-lang3/3.5/commons-lang3-3.5.jar:/Users/sarithaganaparthi/.m2/repository/org/yaml/snakeyaml/1.23/snakeyaml-1.23-android.jar:/Users/sarithaganaparthi/.m2/repository/com/github/mifmif/generex/1.0.2/generex-1.0.2.jar:/Users/sarithaganaparthi/.m2/repository/dk/brics/automaton/automaton/1.11-8/automaton-1.11-8.jar:"/>
    <property name="java.vm.vendor" value="Azul Systems, Inc."/>
    <property name="sun.arch.data.model" value="64"/>
    <property name="java.vendor.url" value="http://www.azul.com/"/>
    <property name="user.timezone" value="America/Chicago"/>
    <property name="os.name" value="Mac OS X"/>
    <property name="java.vm.specification.version" value="19"/>
    <property name="sun.java.launcher" value="SUN_STANDARD"/>
    <property name="user.country" value="US"/>
    <property name="sun.boot.library.path" value="/Library/Java/JavaVirtualMachines/zulu-19.jdk/Contents/Home/lib"/>
    <property name="sun.java.command" value="/Users/sarithaganaparthi/eclipse-workspace/opencart-ui-automation/target/surefire/surefirebooter-20240625192117630_3.jar /Users/sarithaganaparthi/eclipse-workspace/opencart-ui-automation/target/surefire 2024-06-25T19-21-16_413-jvmRun1 surefire-20240625192117630_1tmp surefire_0-20240625192117630_2tmp"/>
    <property name="http.nonProxyHosts" value="local|*.local|169.254/16|*.169.254/16"/>
    <property name="jdk.debug" value="release"/>
    <property name="surefire.test.class.path" value="/Users/sarithaganaparthi/eclipse-workspace/opencart-ui-automation/target/test-classes:/Users/sarithaganaparthi/eclipse-workspace/opencart-ui-automation/target/classes:/Users/sarithaganaparthi/.m2/repository/com/microsoft/playwright/playwright/1.44.0/playwright-1.44.0.jar:/Users/sarithaganaparthi/.m2/repository/com/google/code/gson/gson/2.10.1/gson-2.10.1.jar:/Users/sarithaganaparthi/.m2/repository/org/opentest4j/opentest4j/1.3.0/opentest4j-1.3.0.jar:/Users/sarithaganaparthi/.m2/repository/com/microsoft/playwright/driver/1.44.0/driver-1.44.0.jar:/Users/sarithaganaparthi/.m2/repository/com/microsoft/playwright/driver-bundle/1.44.0/driver-bundle-1.44.0.jar:/Users/sarithaganaparthi/.m2/repository/org/testng/testng/7.4.0/testng-7.4.0.jar:/Users/sarithaganaparthi/.m2/repository/com/beust/jcommander/1.78/jcommander-1.78.jar:/Users/sarithaganaparthi/.m2/repository/org/webjars/jquery/3.5.1/jquery-3.5.1.jar:/Users/sarithaganaparthi/.m2/repository/org/apache/logging/log4j/log4j-api/2.23.1/log4j-api-2.23.1.jar:/Users/sarithaganaparthi/.m2/repository/org/apache/logging/log4j/log4j-core/2.23.1/log4j-core-2.23.1.jar:/Users/sarithaganaparthi/.m2/repository/com/aventstack/extentreports/5.1.1/extentreports-5.1.1.jar:/Users/sarithaganaparthi/.m2/repository/io/reactivex/rxjava3/rxjava/3.1.6/rxjava-3.1.6.jar:/Users/sarithaganaparthi/.m2/repository/org/reactivestreams/reactive-streams/1.0.4/reactive-streams-1.0.4.jar:/Users/sarithaganaparthi/.m2/repository/org/freemarker/freemarker/2.3.32/freemarker-2.3.32.jar:/Users/sarithaganaparthi/.m2/repository/org/projectlombok/lombok/1.18.32/lombok-1.18.32.jar:/Users/sarithaganaparthi/.m2/repository/com/github/javafaker/javafaker/1.0.2/javafaker-1.0.2.jar:/Users/sarithaganaparthi/.m2/repository/org/apache/commons/commons-lang3/3.5/commons-lang3-3.5.jar:/Users/sarithaganaparthi/.m2/repository/org/yaml/snakeyaml/1.23/snakeyaml-1.23-android.jar:/Users/sarithaganaparthi/.m2/repository/com/github/mifmif/generex/1.0.2/generex-1.0.2.jar:/Users/sarithaganaparthi/.m2/repository/dk/brics/automaton/automaton/1.11-8/automaton-1.11-8.jar:"/>
    <property name="sun.cpu.endian" value="little"/>
    <property name="user.home" value="/Users/sarithaganaparthi"/>
    <property name="user.language" value="en"/>
    <property name="java.specification.vendor" value="Oracle Corporation"/>
    <property name="java.version.date" value="2022-09-20"/>
    <property name="java.home" value="/Library/Java/JavaVirtualMachines/zulu-19.jdk/Contents/Home"/>
    <property name="file.separator" value="/"/>
    <property name="basedir" value="/Users/sarithaganaparthi/eclipse-workspace/opencart-ui-automation"/>
    <property name="java.vm.compressedOopsMode" value="Zero based"/>
    <property name="line.separator" value="&#10;"/>
    <property name="java.vm.specification.vendor" value="Oracle Corporation"/>
    <property name="java.specification.name" value="Java Platform API Specification"/>
    <property name="apple.awt.application.name" value="ForkedBooter"/>
    <property name="surefire.real.class.path" value="/Users/sarithaganaparthi/eclipse-workspace/opencart-ui-automation/target/surefire/surefirebooter-20240625192117630_3.jar"/>
    <property name="sun.management.compiler" value="HotSpot 64-Bit Tiered Compilers"/>
    <property name="ftp.nonProxyHosts" value="local|*.local|169.254/16|*.169.254/16"/>
    <property name="java.runtime.version" value="19+36"/>
    <property name="user.name" value="sarithaganaparthi"/>
    <property name="stdout.encoding" value="UTF-8"/>
    <property name="path.separator" value=":"/>
    <property name="os.version" value="12.7.3"/>
    <property name="java.runtime.name" value="OpenJDK Runtime Environment"/>
    <property name="file.encoding" value="UTF-8"/>
    <property name="java.vm.name" value="OpenJDK 64-Bit Server VM"/>
    <property name="java.vendor.version" value="Zulu19.28+81-CA"/>
    <property name="localRepository" value="/Users/sarithaganaparthi/.m2/repository"/>
    <property name="java.vendor.url.bug" value="http://www.azul.com/support/"/>
    <property name="java.io.tmpdir" value="/var/folders/7s/bswyq9gn1zg2y_809xx7kvzr0000gn/T/"/>
    <property name="java.version" value="19"/>
    <property name="user.dir" value="/Users/sarithaganaparthi/eclipse-workspace/opencart-ui-automation"/>
    <property name="os.arch" value="x86_64"/>
    <property name="java.vm.specification.name" value="Java Virtual Machine Specification"/>
    <property name="native.encoding" value="UTF-8"/>
    <property name="java.library.path" value="/Users/sarithaganaparthi/Library/Java/Extensions:/Library/Java/Extensions:/Network/Library/Java/Extensions:/System/Library/Java/Extensions:/usr/lib/java:."/>
    <property name="java.vm.info" value="mixed mode, sharing"/>
    <property name="stderr.encoding" value="UTF-8"/>
    <property name="java.vendor" value="Azul Systems, Inc."/>
    <property name="java.vm.version" value="19+36"/>
    <property name="sun.io.unicode.encoding" value="UnicodeBig"/>
    <property name="socksNonProxyHosts" value="local|*.local|169.254/16|*.169.254/16"/>
    <property name="java.class.version" value="63.0"/>
  </properties>
  <testcase name="homePageTitleTest" classname="com.testcases.TS_01_Verify_Opencart_HomePageTest" time="0.056">
    <system-out><![CDATA[...
... TestNG 7.4.0 by CÃ©dric Beust (cedric@beust.com)
...

&amp#27;[33m[2024-Jun-25 19:21:35.857 CDT]&amp#27;[m &amp#27;[37m[Thread ID: 38]&amp#27;[m &amp#27;[94m[PlaywrightFactory.getBrowser]&amp#27;[m &amp#27;[32m[INFO]&amp#27;[m Browser Selected for Test Execution 'firefox' with headless mode as 'true'
&amp#27;[33m[2024-Jun-25 19:21:38.555 CDT]&amp#27;[m &amp#27;[37m[Thread ID: 38]&amp#27;[m &amp#27;[94m[PlaywrightFactory.getBrowserContext]&amp#27;[m &amp#27;[32m[INFO]&amp#27;[m Browser Context - Viewport Width '1280' and Height '720'
]]></system-out>
  </testcase>
  <testcase name="homePageURLTest" classname="com.testcases.TS_01_Verify_Opencart_HomePageTest" time="0">
    <system-out><![CDATA[&amp#27;[33m[2024-Jun-25 19:21:48.356 CDT]&amp#27;[m &amp#27;[37m[Thread ID: 38]&amp#27;[m &amp#27;[94m[PlaywrightFactory.getBrowser]&amp#27;[m &amp#27;[32m[INFO]&amp#27;[m Browser Selected for Test Execution 'firefox' with headless mode as 'true'
&amp#27;[33m[2024-Jun-25 19:21:50.422 CDT]&amp#27;[m &amp#27;[37m[Thread ID: 38]&amp#27;[m &amp#27;[94m[PlaywrightFactory.getBrowserContext]&amp#27;[m &amp#27;[32m[INFO]&amp#27;[m Browser Context - Viewport Width '1280' and Height '720'
page url : https://naveenautomationlabs.com/opencart/
]]></system-out>
  </testcase>
  <testcase name="navigateToRegisterPageTest" classname="com.testcases.TS_01_Verify_Opencart_HomePageTest" time="3.498">
    <system-out><![CDATA[&amp#27;[33m[2024-Jun-25 19:21:58.707 CDT]&amp#27;[m &amp#27;[37m[Thread ID: 38]&amp#27;[m &amp#27;[94m[PlaywrightFactory.getBrowser]&amp#27;[m &amp#27;[32m[INFO]&amp#27;[m Browser Selected for Test Execution 'firefox' with headless mode as 'true'
&amp#27;[33m[2024-Jun-25 19:22:00.761 CDT]&amp#27;[m &amp#27;[37m[Thread ID: 38]&amp#27;[m &amp#27;[94m[PlaywrightFactory.getBrowserContext]&amp#27;[m &amp#27;[32m[INFO]&amp#27;[m Browser Context - Viewport Width '1280' and Height '720'
]]></system-out>
  </testcase>
  <testcase name="verifyOpenCartLogoTest" classname="com.testcases.TS_01_Verify_Opencart_HomePageTest" time="0.095">
    <system-out><![CDATA[&amp#27;[33m[2024-Jun-25 19:22:13.907 CDT]&amp#27;[m &amp#27;[37m[Thread ID: 38]&amp#27;[m &amp#27;[94m[PlaywrightFactory.getBrowser]&amp#27;[m &amp#27;[32m[INFO]&amp#27;[m Browser Selected for Test Execution 'firefox' with headless mode as 'true'
&amp#27;[33m[2024-Jun-25 19:22:16.840 CDT]&amp#27;[m &amp#27;[37m[Thread ID: 38]&amp#27;[m &amp#27;[94m[PlaywrightFactory.getBrowserContext]&amp#27;[m &amp#27;[32m[INFO]&amp#27;[m Browser Context - Viewport Width '1280' and Height '720'
&amp#27;[33m[2024-Jun-25 19:22:22.904 CDT]&amp#27;[m &amp#27;[37m[Thread ID: 38]&amp#27;[m &amp#27;[94m[HomePage.isOpenCartLogoExist]&amp#27;[m &amp#27;[32m[INFO]&amp#27;[m Checkin the logo exists or not
]]></system-out>
  </testcase>
  <testcase name="FeaturedSectionCardaCountTest" classname="com.testcases.TS_01_Verify_Opencart_HomePageTest" time="0.13">
    <system-out><![CDATA[&amp#27;[33m[2024-Jun-25 19:22:24.934 CDT]&amp#27;[m &amp#27;[37m[Thread ID: 38]&amp#27;[m &amp#27;[94m[PlaywrightFactory.getBrowser]&amp#27;[m &amp#27;[32m[INFO]&amp#27;[m Browser Selected for Test Execution 'firefox' with headless mode as 'true'
&amp#27;[33m[2024-Jun-25 19:22:26.425 CDT]&amp#27;[m &amp#27;[37m[Thread ID: 38]&amp#27;[m &amp#27;[94m[PlaywrightFactory.getBrowserContext]&amp#27;[m &amp#27;[32m[INFO]&amp#27;[m Browser Context - Viewport Width '1280' and Height '720'
&amp#27;[33m[2024-Jun-25 19:22:34.245 CDT]&amp#27;[m &amp#27;[37m[Thread ID: 38]&amp#27;[m &amp#27;[94m[HomePage.getFeaturedSectionCardaCount]&amp#27;[m &amp#27;[32m[INFO]&amp#27;[m checking the featured section cards count
]]></system-out>
  </testcase>
  <testcase name="navigateToLoginPageTest" classname="com.testcases.TS_01_Verify_Opencart_HomePageTest" time="3.008">
    <system-out><![CDATA[&amp#27;[33m[2024-Jun-25 19:22:37.464 CDT]&amp#27;[m &amp#27;[37m[Thread ID: 38]&amp#27;[m &amp#27;[94m[PlaywrightFactory.getBrowser]&amp#27;[m &amp#27;[32m[INFO]&amp#27;[m Browser Selected for Test Execution 'firefox' with headless mode as 'true'
&amp#27;[33m[2024-Jun-25 19:22:40.447 CDT]&amp#27;[m &amp#27;[37m[Thread ID: 38]&amp#27;[m &amp#27;[94m[PlaywrightFactory.getBrowserContext]&amp#27;[m &amp#27;[32m[INFO]&amp#27;[m Browser Context - Viewport Width '1280' and Height '720'
&amp#27;[33m[2024-Jun-25 19:22:55.208 CDT]&amp#27;[m &amp#27;[37m[Thread ID: 38]&amp#27;[m &amp#27;[94m[LoginPage.clickLoginHomeIcon]&amp#27;[m &amp#27;[32m[INFO]&amp#27;[m click on login home icon in breadcrumb
]]></system-out>
  </testcase>
  <testcase name="searchTest[Macbook](1)" classname="com.testcases.TS_01_Verify_Opencart_HomePageTest" time="0.773">
    <system-out><![CDATA[&amp#27;[33m[2024-Jun-25 19:24:49.870 CDT]&amp#27;[m &amp#27;[37m[Thread ID: 38]&amp#27;[m &amp#27;[94m[PlaywrightFactory.getBrowser]&amp#27;[m &amp#27;[32m[INFO]&amp#27;[m Browser Selected for Test Execution 'firefox' with headless mode as 'true'
&amp#27;[33m[2024-Jun-25 19:24:51.057 CDT]&amp#27;[m &amp#27;[37m[Thread ID: 38]&amp#27;[m &amp#27;[94m[PlaywrightFactory.getBrowserContext]&amp#27;[m &amp#27;[32m[INFO]&amp#27;[m Browser Context - Viewport Width '1280' and Height '720'
&amp#27;[33m[2024-Jun-25 19:24:56.267 CDT]&amp#27;[m &amp#27;[37m[Thread ID: 38]&amp#27;[m &amp#27;[94m[HomePage.searchProduct]&amp#27;[m &amp#27;[36m[DEBUG]&amp#27;[m search of Search - Macbookproduct is succesfull
&amp#27;[33m[2024-Jun-25 19:24:56.275 CDT]&amp#27;[m &amp#27;[37m[Thread ID: 38]&amp#27;[m &amp#27;[94m[HomePage.searchProduct]&amp#27;[m &amp#27;[36m[DEBUG]&amp#27;[m search of Macbookproduct is suuccesfull
]]></system-out>
  </testcase>
  <testcase name="searchTest[IMac](2)" classname="com.testcases.TS_01_Verify_Opencart_HomePageTest" time="1.182">
    <system-out><![CDATA[&amp#27;[33m[2024-Jun-25 19:24:57.755 CDT]&amp#27;[m &amp#27;[37m[Thread ID: 38]&amp#27;[m &amp#27;[94m[PlaywrightFactory.getBrowser]&amp#27;[m &amp#27;[32m[INFO]&amp#27;[m Browser Selected for Test Execution 'firefox' with headless mode as 'true'
&amp#27;[33m[2024-Jun-25 19:24:59.010 CDT]&amp#27;[m &amp#27;[37m[Thread ID: 38]&amp#27;[m &amp#27;[94m[PlaywrightFactory.getBrowserContext]&amp#27;[m &amp#27;[32m[INFO]&amp#27;[m Browser Context - Viewport Width '1280' and Height '720'
&amp#27;[33m[2024-Jun-25 19:25:05.039 CDT]&amp#27;[m &amp#27;[37m[Thread ID: 38]&amp#27;[m &amp#27;[94m[HomePage.searchProduct]&amp#27;[m &amp#27;[36m[DEBUG]&amp#27;[m search of Search - IMacproduct is succesfull
&amp#27;[33m[2024-Jun-25 19:25:05.049 CDT]&amp#27;[m &amp#27;[37m[Thread ID: 38]&amp#27;[m &amp#27;[94m[HomePage.searchProduct]&amp#27;[m &amp#27;[36m[DEBUG]&amp#27;[m search of IMacproduct is suuccesfull
]]></system-out>
  </testcase>
  <testcase name="searchTest[Samsung](3)" classname="com.testcases.TS_01_Verify_Opencart_HomePageTest" time="0.703">
    <system-out><![CDATA[&amp#27;[33m[2024-Jun-25 19:25:06.586 CDT]&amp#27;[m &amp#27;[37m[Thread ID: 38]&amp#27;[m &amp#27;[94m[PlaywrightFactory.getBrowser]&amp#27;[m &amp#27;[32m[INFO]&amp#27;[m Browser Selected for Test Execution 'firefox' with headless mode as 'true'
&amp#27;[33m[2024-Jun-25 19:25:07.859 CDT]&amp#27;[m &amp#27;[37m[Thread ID: 38]&amp#27;[m &amp#27;[94m[PlaywrightFactory.getBrowserContext]&amp#27;[m &amp#27;[32m[INFO]&amp#27;[m Browser Context - Viewport Width '1280' and Height '720'
&amp#27;[33m[2024-Jun-25 19:25:12.350 CDT]&amp#27;[m &amp#27;[37m[Thread ID: 38]&amp#27;[m &amp#27;[94m[HomePage.searchProduct]&amp#27;[m &amp#27;[36m[DEBUG]&amp#27;[m search of Search - Samsungproduct is succesfull
&amp#27;[33m[2024-Jun-25 19:25:12.388 CDT]&amp#27;[m &amp#27;[37m[Thread ID: 38]&amp#27;[m &amp#27;[94m[HomePage.searchProduct]&amp#27;[m &amp#27;[36m[DEBUG]&amp#27;[m search of Samsungproduct is suuccesfull
]]></system-out>
  </testcase>
  <testcase name="loginPageTitleTest" classname="com.testcases.TS_02_Verify_Opencart_LoginPageTast" time="0.022">
    <system-out><![CDATA[&amp#27;[33m[2024-Jun-25 19:22:58.696 CDT]&amp#27;[m &amp#27;[37m[Thread ID: 38]&amp#27;[m &amp#27;[94m[PlaywrightFactory.getBrowser]&amp#27;[m &amp#27;[32m[INFO]&amp#27;[m Browser Selected for Test Execution 'firefox' with headless mode as 'true'
&amp#27;[33m[2024-Jun-25 19:23:02.071 CDT]&amp#27;[m &amp#27;[37m[Thread ID: 38]&amp#27;[m &amp#27;[94m[PlaywrightFactory.getBrowserContext]&amp#27;[m &amp#27;[32m[INFO]&amp#27;[m Browser Context - Viewport Width '1280' and Height '720'
]]></system-out>
  </testcase>
  <testcase name="loginTest" classname="com.testcases.TS_02_Verify_Opencart_LoginPageTast" time="2.352">
    <system-out><![CDATA[&amp#27;[33m[2024-Jun-25 19:23:18.603 CDT]&amp#27;[m &amp#27;[37m[Thread ID: 38]&amp#27;[m &amp#27;[94m[PlaywrightFactory.getBrowser]&amp#27;[m &amp#27;[32m[INFO]&amp#27;[m Browser Selected for Test Execution 'firefox' with headless mode as 'true'
&amp#27;[33m[2024-Jun-25 19:23:20.596 CDT]&amp#27;[m &amp#27;[37m[Thread ID: 38]&amp#27;[m &amp#27;[94m[PlaywrightFactory.getBrowserContext]&amp#27;[m &amp#27;[32m[INFO]&amp#27;[m Browser Context - Viewport Width '1280' and Height '720'
&amp#27;[33m[2024-Jun-25 19:23:28.156 CDT]&amp#27;[m &amp#27;[37m[Thread ID: 38]&amp#27;[m &amp#27;[94m[LoginPage.doLogin]&amp#27;[m &amp#27;[32m[INFO]&amp#27;[m Login to the application using usernamerameshqaonline@gmail.comand passwordVGVzdEAxMjM=
&amp#27;[33m[2024-Jun-25 19:23:30.495 CDT]&amp#27;[m &amp#27;[37m[Thread ID: 38]&amp#27;[m &amp#27;[94m[LoginPage.doLogin]&amp#27;[m &amp#27;[36m[DEBUG]&amp#27;[m Login to the application is Successfull
]]></system-out>
  </testcase>
  <testcase name="navigateToForgotPasswordPageTest" classname="com.testcases.TS_02_Verify_Opencart_LoginPageTast" time="3.252">
    <system-out><![CDATA[&amp#27;[33m[2024-Jun-25 19:23:31.941 CDT]&amp#27;[m &amp#27;[37m[Thread ID: 38]&amp#27;[m &amp#27;[94m[PlaywrightFactory.getBrowser]&amp#27;[m &amp#27;[32m[INFO]&amp#27;[m Browser Selected for Test Execution 'firefox' with headless mode as 'true'
&amp#27;[33m[2024-Jun-25 19:23:33.130 CDT]&amp#27;[m &amp#27;[37m[Thread ID: 38]&amp#27;[m &amp#27;[94m[PlaywrightFactory.getBrowserContext]&amp#27;[m &amp#27;[32m[INFO]&amp#27;[m Browser Context - Viewport Width '1280' and Height '720'
&amp#27;[33m[2024-Jun-25 19:23:39.882 CDT]&amp#27;[m &amp#27;[37m[Thread ID: 38]&amp#27;[m &amp#27;[94m[LoginPage.navigateToForgotPasswordPage]&amp#27;[m &amp#27;[32m[INFO]&amp#27;[m click on forget Passwrd button in ligin page 
]]></system-out>
  </testcase>
  <testcase name="navigateToRegisterPageTest" classname="com.testcases.TS_02_Verify_Opencart_LoginPageTast" time="4.027">
    <system-out><![CDATA[&amp#27;[33m[2024-Jun-25 19:23:44.514 CDT]&amp#27;[m &amp#27;[37m[Thread ID: 38]&amp#27;[m &amp#27;[94m[PlaywrightFactory.getBrowser]&amp#27;[m &amp#27;[32m[INFO]&amp#27;[m Browser Selected for Test Execution 'firefox' with headless mode as 'true'
&amp#27;[33m[2024-Jun-25 19:23:45.639 CDT]&amp#27;[m &amp#27;[37m[Thread ID: 38]&amp#27;[m &amp#27;[94m[PlaywrightFactory.getBrowserContext]&amp#27;[m &amp#27;[32m[INFO]&amp#27;[m Browser Context - Viewport Width '1280' and Height '720'
&amp#27;[33m[2024-Jun-25 19:23:53.442 CDT]&amp#27;[m &amp#27;[37m[Thread ID: 38]&amp#27;[m &amp#27;[94m[LoginPage.navigateToRegisterPage]&amp#27;[m &amp#27;[32m[INFO]&amp#27;[m click on continue button in ligin page under newcustomer section
]]></system-out>
  </testcase>
  <testcase name="verifyLoginBreadCrumbExists" classname="com.testcases.TS_02_Verify_Opencart_LoginPageTast" time="0.03">
    <system-out><![CDATA[&amp#27;[33m[2024-Jun-25 19:23:58.840 CDT]&amp#27;[m &amp#27;[37m[Thread ID: 38]&amp#27;[m &amp#27;[94m[PlaywrightFactory.getBrowser]&amp#27;[m &amp#27;[32m[INFO]&amp#27;[m Browser Selected for Test Execution 'firefox' with headless mode as 'true'
&amp#27;[33m[2024-Jun-25 19:23:59.889 CDT]&amp#27;[m &amp#27;[37m[Thread ID: 38]&amp#27;[m &amp#27;[94m[PlaywrightFactory.getBrowserContext]&amp#27;[m &amp#27;[32m[INFO]&amp#27;[m Browser Context - Viewport Width '1280' and Height '720'
]]></system-out>
  </testcase>
  <testcase name="verifyNewCustomerHeaderExists" classname="com.testcases.TS_02_Verify_Opencart_LoginPageTast" time="0.031">
    <system-out><![CDATA[&amp#27;[33m[2024-Jun-25 19:24:18.238 CDT]&amp#27;[m &amp#27;[37m[Thread ID: 38]&amp#27;[m &amp#27;[94m[PlaywrightFactory.getBrowser]&amp#27;[m &amp#27;[32m[INFO]&amp#27;[m Browser Selected for Test Execution 'firefox' with headless mode as 'true'
&amp#27;[33m[2024-Jun-25 19:24:19.210 CDT]&amp#27;[m &amp#27;[37m[Thread ID: 38]&amp#27;[m &amp#27;[94m[PlaywrightFactory.getBrowserContext]&amp#27;[m &amp#27;[32m[INFO]&amp#27;[m Browser Context - Viewport Width '1280' and Height '720'
]]></system-out>
  </testcase>
  <testcase name="verifyreturningCustomerHeaderExists" classname="com.testcases.TS_02_Verify_Opencart_LoginPageTast" time="0.035">
    <system-out><![CDATA[&amp#27;[33m[2024-Jun-25 19:24:31.281 CDT]&amp#27;[m &amp#27;[37m[Thread ID: 38]&amp#27;[m &amp#27;[94m[PlaywrightFactory.getBrowser]&amp#27;[m &amp#27;[32m[INFO]&amp#27;[m Browser Selected for Test Execution 'firefox' with headless mode as 'true'
&amp#27;[33m[2024-Jun-25 19:24:32.279 CDT]&amp#27;[m &amp#27;[37m[Thread ID: 38]&amp#27;[m &amp#27;[94m[PlaywrightFactory.getBrowserContext]&amp#27;[m &amp#27;[32m[INFO]&amp#27;[m Browser Context - Viewport Width '1280' and Height '720'
]]></system-out>
  </testcase>
  <testcase name="registerNewAccountTest" classname="com.testcases.TS_03_Verify_Opencart_RegisterPageTest" time="2.734">
    <system-out><![CDATA[&amp#27;[33m[2024-Jun-25 19:24:38.944 CDT]&amp#27;[m &amp#27;[37m[Thread ID: 38]&amp#27;[m &amp#27;[94m[PlaywrightFactory.getBrowser]&amp#27;[m &amp#27;[32m[INFO]&amp#27;[m Browser Selected for Test Execution 'firefox' with headless mode as 'true'
&amp#27;[33m[2024-Jun-25 19:24:40.467 CDT]&amp#27;[m &amp#27;[37m[Thread ID: 38]&amp#27;[m &amp#27;[94m[PlaywrightFactory.getBrowserContext]&amp#27;[m &amp#27;[32m[INFO]&amp#27;[m Browser Context - Viewport Width '1280' and Height '720'
&amp#27;[33m[2024-Jun-25 19:24:46.168 CDT]&amp#27;[m &amp#27;[37m[Thread ID: 38]&amp#27;[m &amp#27;[94m[RegisterPage.selectSubScribe]&amp#27;[m &amp#27;[32m[INFO]&amp#27;[m select newsletter subscription value
&amp#27;[33m[2024-Jun-25 19:24:46.169 CDT]&amp#27;[m &amp#27;[37m[Thread ID: 38]&amp#27;[m &amp#27;[94m[RegisterPage.selectSubScribe]&amp#27;[m &amp#27;[32m[INFO]&amp#27;[m select newsletter subscription value - Yes 
&amp#27;[33m[2024-Jun-25 19:24:46.245 CDT]&amp#27;[m &amp#27;[37m[Thread ID: 38]&amp#27;[m &amp#27;[94m[RegisterPage.checkAgreeCheckBox]&amp#27;[m &amp#27;[32m[INFO]&amp#27;[m check the check box
&amp#27;[33m[2024-Jun-25 19:24:46.324 CDT]&amp#27;[m &amp#27;[37m[Thread ID: 38]&amp#27;[m &amp#27;[94m[RegisterPage.clickContinueBtn]&amp#27;[m &amp#27;[32m[INFO]&amp#27;[m click on continue button
]]></system-out>
  </testcase>
</testsuite>