<?xml version="1.0" encoding="UTF-8"?>
<!-- Generated by org.testng.reporters.JUnitReportReporter -->
<testsuite hostname="Sarithas-MBP.attlocal.net" failures="0" tests="7" name="com.testcases.TS_02_Verify_Opencart_LoginPageTast" time="86.553" errors="0" timestamp="2024-06-25T19:31:07 CDT" skipped="0">
  <testcase classname="com.testcases.TS_02_Verify_Opencart_LoginPageTast" name="verifyLoginBreadCrumbExists" time="10.590"/>
  <system-out/>
  <testcase classname="com.testcases.TS_02_Verify_Opencart_LoginPageTast" name="navigateToForgotPasswordPageTest" time="13.233"/>
  <system-out/>
  <testcase classname="com.testcases.TS_02_Verify_Opencart_LoginPageTast" name="verifyreturningCustomerHeaderExists" time="11.252"/>
  <system-out/>
  <testcase classname="com.testcases.TS_02_Verify_Opencart_LoginPageTast" name="loginPageTitleTest" time="10.458"/>
  <system-out/>
  <testcase classname="com.testcases.TS_02_Verify_Opencart_LoginPageTast" name="loginTest" time="12.482"/>
  <system-out/>
  <testcase classname="com.testcases.TS_02_Verify_Opencart_LoginPageTast" name="verifyNewCustomerHeaderExists" time="12.715"/>
  <system-out/>
  <testcase classname="com.testcases.TS_02_Verify_Opencart_LoginPageTast" name="navigateToRegisterPageTest" time="15.823"/>
  <system-out/>
</testsuite> <!-- com.testcases.TS_02_Verify_Opencart_LoginPageTast -->
